[2025-09-19 07:53:08Z INFO HostContext] No proxy settings were found based on environmental variables (http_proxy/https_proxy/HTTP_PROXY/HTTPS_PROXY)
[2025-09-19 07:53:08Z INFO HostContext] Well known directory 'Bin': '/opt/homebrew/var/www/devops/actions-runner/bin'
[2025-09-19 07:53:08Z INFO HostContext] Well known directory 'Root': '/opt/homebrew/var/www/devops/actions-runner'
[2025-09-19 07:53:08Z INFO HostContext] Well known config file 'Credentials': '/opt/homebrew/var/www/devops/actions-runner/.credentials'
[2025-09-19 07:53:08Z INFO HostContext] Well known directory 'Bin': '/opt/homebrew/var/www/devops/actions-runner/bin'
[2025-09-19 07:53:08Z INFO HostContext] Well known directory 'Root': '/opt/homebrew/var/www/devops/actions-runner'
[2025-09-19 07:53:08Z INFO HostContext] Well known config file 'Runner': '/opt/homebrew/var/www/devops/actions-runner/.runner'
[2025-09-19 07:53:08Z INFO Listener] Runner is built for OSX (Arm64) - osx-arm64.
[2025-09-19 07:53:08Z INFO Listener] RuntimeInformation: Darwin 24.6.0 Darwin Kernel Version 24.6.0: Mon Jul 14 11:30:29 PDT 2025; root:xnu-11417.140.69~1/RELEASE_ARM64_T6000.
[2025-09-19 07:53:08Z INFO Listener] Version: 2.328.0
[2025-09-19 07:53:08Z INFO Listener] Commit: 6f9a9110adce65f44ca6f7c0ae142b9cc6af937b
[2025-09-19 07:53:08Z INFO Listener] Culture: en-US
[2025-09-19 07:53:08Z INFO Listener] UI Culture: en-US
[2025-09-19 07:53:08Z INFO HostContext] Well known directory 'Bin': '/opt/homebrew/var/www/devops/actions-runner/bin'
[2025-09-19 07:53:08Z INFO HostContext] Well known directory 'Root': '/opt/homebrew/var/www/devops/actions-runner'
[2025-09-19 07:53:08Z INFO Listener] Validating directory permissions for: '/opt/homebrew/var/www/devops/actions-runner'
[2025-09-19 07:53:08Z INFO CommandLineParser] Parse
[2025-09-19 07:53:08Z INFO CommandLineParser] Parsing 5 args
[2025-09-19 07:53:08Z INFO CommandLineParser] parsing argument
[2025-09-19 07:53:08Z INFO CommandLineParser] HasArgs: False
[2025-09-19 07:53:08Z INFO CommandLineParser] Adding Command: configure
[2025-09-19 07:53:08Z INFO CommandLineParser] parsing argument
[2025-09-19 07:53:08Z INFO CommandLineParser] HasArgs: True
[2025-09-19 07:53:08Z INFO CommandLineParser] arg: url
[2025-09-19 07:53:08Z INFO CommandLineParser] parsing argument
[2025-09-19 07:53:08Z INFO CommandLineParser] HasArgs: True
[2025-09-19 07:53:08Z INFO CommandLineParser] Adding option 'url': 'https://github.com/hoe-coder/devops'
[2025-09-19 07:53:08Z INFO CommandLineParser] parsing argument
[2025-09-19 07:53:08Z INFO CommandLineParser] HasArgs: True
[2025-09-19 07:53:08Z INFO CommandLineParser] arg: token
[2025-09-19 07:53:08Z INFO CommandLineParser] parsing argument
[2025-09-19 07:53:08Z INFO CommandLineParser] HasArgs: True
[2025-09-19 07:53:08Z INFO CommandLineParser] Adding option 'token': '***'
[2025-09-19 07:53:08Z INFO Listener] Arguments parsed
[2025-09-19 07:53:09Z INFO Runner] ExecuteCommand
[2025-09-19 07:53:09Z INFO ConfigurationStore] currentAssemblyLocation: /opt/homebrew/var/www/devops/actions-runner/bin/Runner.Listener.dll
[2025-09-19 07:53:09Z INFO HostContext] Well known directory 'Bin': '/opt/homebrew/var/www/devops/actions-runner/bin'
[2025-09-19 07:53:09Z INFO ConfigurationStore] binPath: /opt/homebrew/var/www/devops/actions-runner/bin
[2025-09-19 07:53:09Z INFO HostContext] Well known directory 'Bin': '/opt/homebrew/var/www/devops/actions-runner/bin'
[2025-09-19 07:53:09Z INFO HostContext] Well known directory 'Root': '/opt/homebrew/var/www/devops/actions-runner'
[2025-09-19 07:53:09Z INFO ConfigurationStore] RootFolder: /opt/homebrew/var/www/devops/actions-runner
[2025-09-19 07:53:09Z INFO HostContext] Well known directory 'Bin': '/opt/homebrew/var/www/devops/actions-runner/bin'
[2025-09-19 07:53:09Z INFO HostContext] Well known directory 'Root': '/opt/homebrew/var/www/devops/actions-runner'
[2025-09-19 07:53:09Z INFO HostContext] Well known config file 'Runner': '/opt/homebrew/var/www/devops/actions-runner/.runner'
[2025-09-19 07:53:09Z INFO ConfigurationStore] ConfigFilePath: /opt/homebrew/var/www/devops/actions-runner/.runner
[2025-09-19 07:53:09Z INFO HostContext] Well known directory 'Bin': '/opt/homebrew/var/www/devops/actions-runner/bin'
[2025-09-19 07:53:09Z INFO HostContext] Well known directory 'Root': '/opt/homebrew/var/www/devops/actions-runner'
[2025-09-19 07:53:09Z INFO HostContext] Well known config file 'MigratedRunner': '/opt/homebrew/var/www/devops/actions-runner/.runner_migrated'
[2025-09-19 07:53:09Z INFO ConfigurationStore] MigratedConfigFilePath: /opt/homebrew/var/www/devops/actions-runner/.runner_migrated
[2025-09-19 07:53:09Z INFO HostContext] Well known directory 'Bin': '/opt/homebrew/var/www/devops/actions-runner/bin'
[2025-09-19 07:53:09Z INFO HostContext] Well known directory 'Root': '/opt/homebrew/var/www/devops/actions-runner'
[2025-09-19 07:53:09Z INFO HostContext] Well known config file 'Credentials': '/opt/homebrew/var/www/devops/actions-runner/.credentials'
[2025-09-19 07:53:09Z INFO ConfigurationStore] CredFilePath: /opt/homebrew/var/www/devops/actions-runner/.credentials
[2025-09-19 07:53:09Z INFO HostContext] Well known directory 'Bin': '/opt/homebrew/var/www/devops/actions-runner/bin'
[2025-09-19 07:53:09Z INFO HostContext] Well known directory 'Root': '/opt/homebrew/var/www/devops/actions-runner'
[2025-09-19 07:53:09Z INFO HostContext] Well known config file 'MigratedCredentials': '/opt/homebrew/var/www/devops/actions-runner/.credentials_migrated'
[2025-09-19 07:53:09Z INFO ConfigurationStore] MigratedCredFilePath: /opt/homebrew/var/www/devops/actions-runner/.credentials_migrated
[2025-09-19 07:53:09Z INFO HostContext] Well known directory 'Bin': '/opt/homebrew/var/www/devops/actions-runner/bin'
[2025-09-19 07:53:09Z INFO HostContext] Well known directory 'Root': '/opt/homebrew/var/www/devops/actions-runner'
[2025-09-19 07:53:09Z INFO HostContext] Well known config file 'Service': '/opt/homebrew/var/www/devops/actions-runner/.service'
[2025-09-19 07:53:09Z INFO ConfigurationStore] ServiceConfigFilePath: /opt/homebrew/var/www/devops/actions-runner/.service
[2025-09-19 07:53:09Z INFO CommandSettings] Flag 'help': 'False'
[2025-09-19 07:53:09Z INFO CommandSettings] Flag 'version': 'False'
[2025-09-19 07:53:09Z INFO CommandSettings] Flag 'commit': 'False'
[2025-09-19 07:53:09Z INFO CommandSettings] Flag 'check': 'False'
[2025-09-19 07:53:09Z INFO CommandSettings] Command 'configure': 'True'
[2025-09-19 07:53:09Z INFO Terminal] WRITE LINE: 
[2025-09-19 07:53:09Z INFO Terminal] WRITE LINE: --------------------------------------------------------------------------------
[2025-09-19 07:53:09Z INFO Terminal] WRITE LINE: |        ____ _ _   _   _       _          _        _   _                      |
[2025-09-19 07:53:09Z INFO Terminal] WRITE LINE: |       / ___(_) |_| | | |_   _| |__      / \   ___| |_(_) ___  _ __  ___      |
[2025-09-19 07:53:09Z INFO Terminal] WRITE LINE: |      | |  _| | __| |_| | | | | '_ \    / _ \ / __| __| |/ _ \| '_ \/ __|     |
[2025-09-19 07:53:09Z INFO Terminal] WRITE LINE: |      | |_| | | |_|  _  | |_| | |_) |  / ___ \ (__| |_| | (_) | | | \__ \     |
[2025-09-19 07:53:09Z INFO Terminal] WRITE LINE: |       \____|_|\__|_| |_|\__,_|_.__/  /_/   \_\___|\__|_|\___/|_| |_|___/     |
[2025-09-19 07:53:09Z INFO Terminal] WRITE LINE: |                                                                              |
[2025-09-19 07:53:09Z INFO Terminal] WRITE: |                       
[2025-09-19 07:53:09Z INFO Terminal] WRITE: Self-hosted runner registration
[2025-09-19 07:53:09Z INFO Terminal] WRITE LINE:                         |
[2025-09-19 07:53:09Z INFO Terminal] WRITE LINE: |                                                                              |
[2025-09-19 07:53:09Z INFO Terminal] WRITE LINE: --------------------------------------------------------------------------------
[2025-09-19 07:53:09Z INFO ConfigurationManager] ConfigureAsync
[2025-09-19 07:53:09Z INFO CommandSettings] Flag 'generateServiceConfig': 'False'
[2025-09-19 07:53:09Z INFO ConfigurationStore] IsConfigured()
[2025-09-19 07:53:09Z INFO ConfigurationStore] IsConfigured: False
[2025-09-19 07:53:09Z INFO ConfigurationManager] Is configured: False
[2025-09-19 07:53:09Z INFO CommandSettings] Arg 'url': 'https://github.com/hoe-coder/devops'
[2025-09-19 07:53:09Z INFO CommandSettings] Remove url from Arg dictionary.
[2025-09-19 07:53:09Z INFO CommandSettings] Arg 'token': '***'
[2025-09-19 07:53:09Z INFO CommandSettings] Remove token from Arg dictionary.
[2025-09-19 07:53:13Z INFO ConfigurationManager] Http response code: OK from 'POST https://api.github.com/actions/runner-registration' (D68E:213746:355E818:31F492E:68CD0BE8)
[2025-09-19 07:53:13Z INFO ConfigurationManager] Using V2 flow: False
[2025-09-19 07:53:13Z INFO ConfigurationManager] cred retrieved via GitHub auth
[2025-09-19 07:53:13Z INFO RunnerServer] EstablishVssConnection
[2025-09-19 07:53:13Z INFO RunnerServer] Establish connection with 100 seconds timeout.
[2025-09-19 07:53:13Z INFO GitHubActionsService] Starting operation Location.GetConnectionData
[2025-09-19 07:53:13Z INFO RunnerServer] EstablishVssConnection
[2025-09-19 07:53:13Z INFO RunnerServer] Establish connection with 60 seconds timeout.
[2025-09-19 07:53:13Z INFO GitHubActionsService] Starting operation Location.GetConnectionData
[2025-09-19 07:53:13Z INFO RunnerServer] EstablishVssConnection
[2025-09-19 07:53:13Z INFO RunnerServer] Establish connection with 60 seconds timeout.
[2025-09-19 07:53:13Z INFO GitHubActionsService] Starting operation Location.GetConnectionData
[2025-09-19 07:53:14Z INFO GitHubActionsService] Finished operation Location.GetConnectionData
[2025-09-19 07:53:14Z INFO GitHubActionsService] Finished operation Location.GetConnectionData
[2025-09-19 07:53:14Z INFO GitHubActionsService] Finished operation Location.GetConnectionData
[2025-09-19 07:53:15Z INFO Terminal] WRITE LINE: 
[2025-09-19 07:53:15Z INFO ConfigurationManager] Test Connection complete.
[2025-09-19 07:53:15Z INFO HostContext] Well known directory 'Bin': '/opt/homebrew/var/www/devops/actions-runner/bin'
[2025-09-19 07:53:15Z INFO HostContext] Well known directory 'Root': '/opt/homebrew/var/www/devops/actions-runner'
[2025-09-19 07:53:15Z INFO HostContext] Well known config file 'RSACredentials': '/opt/homebrew/var/www/devops/actions-runner/.credentials_rsaparams'
[2025-09-19 07:53:15Z INFO RSAFileKeyManager] Creating new RSA key using 2048-bit key length
[2025-09-19 07:53:15Z INFO RSAFileKeyManager] Successfully saved RSA key parameters to file /opt/homebrew/var/www/devops/actions-runner/.credentials_rsaparams
[2025-09-19 07:53:15Z INFO RSAFileKeyManager] Which2: 'chmod'
[2025-09-19 07:53:15Z INFO RSAFileKeyManager] Location: '/bin/chmod'
[2025-09-19 07:53:15Z INFO HostContext] Well known directory 'Bin': '/opt/homebrew/var/www/devops/actions-runner/bin'
[2025-09-19 07:53:15Z INFO HostContext] Well known directory 'Root': '/opt/homebrew/var/www/devops/actions-runner'
[2025-09-19 07:53:15Z INFO ProcessInvokerWrapper] Starting process:
[2025-09-19 07:53:15Z INFO ProcessInvokerWrapper]   File name: '/bin/chmod'
[2025-09-19 07:53:15Z INFO ProcessInvokerWrapper]   Arguments: '600 /opt/homebrew/var/www/devops/actions-runner/.credentials_rsaparams'
[2025-09-19 07:53:15Z INFO ProcessInvokerWrapper]   Working directory: '/opt/homebrew/var/www/devops/actions-runner'
[2025-09-19 07:53:15Z INFO ProcessInvokerWrapper]   Require exit code zero: 'False'
[2025-09-19 07:53:15Z INFO ProcessInvokerWrapper]   Encoding web name:  ; code page: ''
[2025-09-19 07:53:15Z INFO ProcessInvokerWrapper]   Force kill process on cancellation: 'False'
[2025-09-19 07:53:15Z INFO ProcessInvokerWrapper]   Redirected STDIN: 'False'
[2025-09-19 07:53:15Z INFO ProcessInvokerWrapper]   Persist current code page: 'False'
[2025-09-19 07:53:15Z INFO ProcessInvokerWrapper]   Keep redirected STDIN open: 'False'
[2025-09-19 07:53:15Z INFO ProcessInvokerWrapper]   High priority process: 'False'
[2025-09-19 07:53:15Z INFO ProcessInvokerWrapper] Process started with process id 40673, waiting for process exit.
[2025-09-19 07:53:15Z INFO ProcessInvokerWrapper] STDOUT/STDERR stream read finished.
[2025-09-19 07:53:15Z INFO ProcessInvokerWrapper] STDOUT/STDERR stream read finished.
[2025-09-19 07:53:15Z INFO ProcessInvokerWrapper] Finished process 40673 with exit code 0, and elapsed time 00:00:00.0266028.
[2025-09-19 07:53:15Z INFO RSAFileKeyManager] Successfully set permissions for RSA key parameters file /opt/homebrew/var/www/devops/actions-runner/.credentials_rsaparams
[2025-09-19 07:53:15Z INFO CommandSettings] Arg 'runnergroup': ''
[2025-09-19 07:53:15Z INFO CommandSettings] Flag 'unattended': 'False'
[2025-09-19 07:53:15Z INFO PromptManager] ReadValue
[2025-09-19 07:53:15Z INFO Terminal] WRITE: Enter the name of the runner group to add this runner to: 
[2025-09-19 07:53:15Z INFO Terminal] WRITE: [press Enter for Default] 
[2025-09-19 07:53:15Z INFO Terminal] READ LINE
[2025-09-19 07:53:23Z INFO Terminal] Read value: ''
[2025-09-19 07:53:23Z INFO PromptManager] Falling back to the default: 'Default'
[2025-09-19 07:53:23Z INFO Terminal] WRITE LINE: 
[2025-09-19 07:53:23Z INFO ConfigurationManager] Found a self-hosted runner group with id 1 and name Default
[2025-09-19 07:53:23Z INFO CommandSettings] Flag 'disableupdate': 'False'
[2025-09-19 07:53:23Z INFO CommandSettings] Flag 'ephemeral': 'False'
[2025-09-19 07:53:23Z INFO CommandSettings] Arg 'name': ''
[2025-09-19 07:53:23Z INFO CommandSettings] Flag 'unattended': 'False'
[2025-09-19 07:53:23Z INFO PromptManager] ReadValue
[2025-09-19 07:53:23Z INFO Terminal] WRITE: Enter the name of runner: 
[2025-09-19 07:53:23Z INFO Terminal] WRITE: [press Enter for wifi-eduroam-studtech-32-9b-2c-b5-e5-1b] 
[2025-09-19 07:53:23Z INFO Terminal] READ LINE
[2025-09-19 07:53:32Z INFO Terminal] Read value: ''
[2025-09-19 07:53:32Z INFO PromptManager] Falling back to the default: 'wifi-eduroam-studtech-32-9b-2c-b5-e5-1b'
[2025-09-19 07:53:32Z INFO Terminal] WRITE LINE: 
[2025-09-19 07:53:32Z INFO CommandSettings] Arg 'labels': ''
[2025-09-19 07:53:32Z INFO CommandSettings] Flag 'unattended': 'False'
[2025-09-19 07:53:32Z INFO PromptManager] ReadValue
[2025-09-19 07:53:32Z INFO Terminal] WRITE: This runner will have the following labels: 'self-hosted', 'macOS', 'ARM64' 
Enter any additional labels (ex. label-1,label-2): 
[2025-09-19 07:53:32Z INFO Terminal] WRITE: [press Enter to skip] 
[2025-09-19 07:53:32Z INFO Terminal] READ LINE
[2025-09-19 07:53:36Z INFO Terminal] Read value: ''
[2025-09-19 07:53:36Z INFO Terminal] WRITE LINE: 
[2025-09-19 07:53:36Z INFO CommandSettings] Flag 'disableupdate': 'False'
[2025-09-19 07:53:36Z INFO CommandSettings] Flag 'no-default-labels': 'False'
[2025-09-19 07:53:37Z INFO CommandSettings] Flag 'disableupdate': 'False'
[2025-09-19 07:53:37Z INFO CommandSettings] Flag 'ephemeral': 'False'
[2025-09-19 07:53:37Z INFO ConfigurationStore] Saving OAuth credential @ /opt/homebrew/var/www/devops/actions-runner/.credentials
[2025-09-19 07:53:37Z INFO ConfigurationStore] Credentials Saved.
[2025-09-19 07:53:37Z INFO ConfigurationStore] HasCredentials()
[2025-09-19 07:53:37Z INFO ConfigurationStore] stored True
[2025-09-19 07:53:37Z INFO CredentialManager] GetCredentialProvider
[2025-09-19 07:53:37Z INFO CredentialManager] Creating type OAuth
[2025-09-19 07:53:37Z INFO CredentialManager] Creating credential type: OAuth
[2025-09-19 07:53:37Z INFO RSAFileKeyManager] Loading RSA key parameters from file /opt/homebrew/var/www/devops/actions-runner/.credentials_rsaparams
[2025-09-19 07:53:37Z INFO RunnerServer] EstablishVssConnection
[2025-09-19 07:53:37Z INFO RunnerServer] Establish connection with 100 seconds timeout.
[2025-09-19 07:53:37Z INFO GitHubActionsService] Starting operation Location.GetConnectionData
[2025-09-19 07:53:37Z INFO RunnerServer] EstablishVssConnection
[2025-09-19 07:53:37Z INFO RunnerServer] Establish connection with 60 seconds timeout.
[2025-09-19 07:53:37Z INFO GitHubActionsService] Starting operation Location.GetConnectionData
[2025-09-19 07:53:37Z INFO RunnerServer] EstablishVssConnection
[2025-09-19 07:53:37Z INFO RunnerServer] Establish connection with 60 seconds timeout.
[2025-09-19 07:53:37Z INFO GitHubActionsService] Starting operation Location.GetConnectionData
[2025-09-19 07:53:37Z INFO GitHubActionsService] Finished operation Location.GetConnectionData
[2025-09-19 07:53:37Z INFO GitHubActionsService] Finished operation Location.GetConnectionData
[2025-09-19 07:53:37Z INFO GitHubActionsService] Finished operation Location.GetConnectionData
[2025-09-19 07:53:37Z INFO RSAFileKeyManager] Loading RSA key parameters from file /opt/homebrew/var/www/devops/actions-runner/.credentials_rsaparams
[2025-09-19 07:53:37Z INFO RSAFileKeyManager] Loading RSA key parameters from file /opt/homebrew/var/www/devops/actions-runner/.credentials_rsaparams
[2025-09-19 07:53:38Z INFO GitHubActionsService] AAD Correlation ID for this token request: Unknown
[2025-09-19 07:53:38Z INFO ConfigurationManager] Service enforced serverUrlV2: https://broker.actions.githubusercontent.com/
[2025-09-19 07:53:38Z INFO ConfigurationManager] Service enforced useV2Flow: True
[2025-09-19 07:53:38Z INFO CommandSettings] Arg 'work': ''
[2025-09-19 07:53:38Z INFO CommandSettings] Flag 'unattended': 'False'
[2025-09-19 07:53:38Z INFO PromptManager] ReadValue
[2025-09-19 07:53:38Z INFO Terminal] WRITE: Enter name of work folder: 
[2025-09-19 07:53:38Z INFO Terminal] WRITE: [press Enter for _work] 
[2025-09-19 07:53:38Z INFO Terminal] READ LINE
[2025-09-19 07:53:46Z INFO Terminal] Read value: './run.sh'
[2025-09-19 07:53:46Z INFO ConfigurationStore] Saving runner settings.
[2025-09-19 07:53:46Z INFO ConfigurationStore] Settings Saved.
[2025-09-19 07:53:46Z INFO Terminal] WRITE LINE: 
[2025-09-19 07:53:46Z INFO Terminal] WRITE LINE: 
[2025-09-19 07:53:46Z INFO OsxServiceControlManager] Service name 'actions.runner.hoe-coder-devops.wifi-eduroam-studtech-32-9b-2c-b5-e5-1b' display name 'GitHub Actions Runner (hoe-coder-devops.wifi-eduroam-studtech-32-9b-2c-b5-e5-1b)' will be used for service configuration.
[2025-09-19 07:53:46Z INFO HostContext] Well known directory 'Bin': '/opt/homebrew/var/www/devops/actions-runner/bin'
[2025-09-19 07:53:46Z INFO HostContext] Well known directory 'Root': '/opt/homebrew/var/www/devops/actions-runner'
[2025-09-19 07:53:46Z INFO HostContext] Well known directory 'Bin': '/opt/homebrew/var/www/devops/actions-runner/bin'
[2025-09-19 07:53:47Z INFO HostContext] Well known directory 'Bin': '/opt/homebrew/var/www/devops/actions-runner/bin'
[2025-09-19 07:53:47Z INFO HostContext] Well known directory 'Root': '/opt/homebrew/var/www/devops/actions-runner'
[2025-09-19 07:53:47Z INFO UnixUtil] Which2: 'chmod'
[2025-09-19 07:53:47Z INFO UnixUtil] Location: '/bin/chmod'
[2025-09-19 07:53:47Z INFO UnixUtil] Running /bin/chmod 755 "/opt/homebrew/var/www/devops/actions-runner/svc.sh"
[2025-09-19 07:53:47Z INFO ProcessInvokerWrapper] Starting process:
[2025-09-19 07:53:47Z INFO ProcessInvokerWrapper]   File name: '/bin/chmod'
[2025-09-19 07:53:47Z INFO ProcessInvokerWrapper]   Arguments: '755 "/opt/homebrew/var/www/devops/actions-runner/svc.sh"'
[2025-09-19 07:53:47Z INFO ProcessInvokerWrapper]   Working directory: '/opt/homebrew/var/www/devops/actions-runner'
[2025-09-19 07:53:47Z INFO ProcessInvokerWrapper]   Require exit code zero: 'True'
[2025-09-19 07:53:47Z INFO ProcessInvokerWrapper]   Encoding web name:  ; code page: ''
[2025-09-19 07:53:47Z INFO ProcessInvokerWrapper]   Force kill process on cancellation: 'False'
[2025-09-19 07:53:47Z INFO ProcessInvokerWrapper]   Redirected STDIN: 'False'
[2025-09-19 07:53:47Z INFO ProcessInvokerWrapper]   Persist current code page: 'False'
[2025-09-19 07:53:47Z INFO ProcessInvokerWrapper]   Keep redirected STDIN open: 'False'
[2025-09-19 07:53:47Z INFO ProcessInvokerWrapper]   High priority process: 'False'
[2025-09-19 07:53:47Z INFO ProcessInvokerWrapper] Process started with process id 41169, waiting for process exit.
[2025-09-19 07:53:47Z INFO ProcessInvokerWrapper] STDOUT/STDERR stream read finished.
[2025-09-19 07:53:47Z INFO ProcessInvokerWrapper] STDOUT/STDERR stream read finished.
[2025-09-19 07:53:47Z INFO ProcessInvokerWrapper] Finished process 41169 with exit code 0, and elapsed time 00:00:00.0343933.
[2025-09-19 07:53:47Z INFO Listener] Runner execution has finished with return code 0
